  Program.cpp
C:\Users\rkc32\OneDrive\Desktop\GITHUB\C-Plus-Plus-Lecture\Program\Program\Program.cpp(10,4): error C3646: 'data': 알 수 없는 재정의 지정자입니다.
C:\Users\rkc32\OneDrive\Desktop\GITHUB\C-Plus-Plus-Lecture\Program\Program\Program.cpp(42): message : 컴파일되는 클래스 템플릿 인스턴스화 'List<T1>'에 대한 참조를 확인하세요.
C:\Users\rkc32\OneDrive\Desktop\GITHUB\C-Plus-Plus-Lecture\Program\Program\Program.cpp(10,1): error C4430: 형식 지정자가 없습니다. int로 가정합니다. 참고: C++에서는 기본 int를 지원하지 않습니다.
C:\Users\rkc32\OneDrive\Desktop\GITHUB\C-Plus-Plus-Lecture\Program\Program\Program.cpp(11,3): error C2143: 구문 오류: ';'이(가) '*' 앞에 없습니다.
C:\Users\rkc32\OneDrive\Desktop\GITHUB\C-Plus-Plus-Lecture\Program\Program\Program.cpp(11,1): error C4430: 형식 지정자가 없습니다. int로 가정합니다. 참고: C++에서는 기본 int를 지원하지 않습니다.
C:\Users\rkc32\OneDrive\Desktop\GITHUB\C-Plus-Plus-Lecture\Program\Program\Program.cpp(11,1): error C2238: ';' 앞에 예기치 않은 토큰이 있습니다.
C:\Users\rkc32\OneDrive\Desktop\GITHUB\C-Plus-Plus-Lecture\Program\Program\Program.cpp(14,7): error C2061: 구문 오류: 식별자 'T'
C:\Users\rkc32\OneDrive\Desktop\GITHUB\C-Plus-Plus-Lecture\Program\Program\Program.cpp(21,15): error C2061: 구문 오류: 식별자 'T'
C:\Users\rkc32\OneDrive\Desktop\GITHUB\C-Plus-Plus-Lecture\Program\Program\Program.cpp(18,17): error C2760: 구문 오류: 여기서 '식별자'은(는) 예상치 못한 오류였습니다. 예상된 오류는 '형식 지정자'였습니다
C:\Users\rkc32\OneDrive\Desktop\GITHUB\C-Plus-Plus-Lecture\Program\Program\Program.cpp(18,18): error C3878: 구문 오류: 예기치 않은 토큰 '['이(가) 'expression' 다음에 있습니다.
C:\Users\rkc32\OneDrive\Desktop\GITHUB\C-Plus-Plus-Lecture\Program\Program\Program.cpp(18,18): message : 오류 복구를 건너뛰었습니다. '[ 상수'
C:\Users\rkc32\OneDrive\Desktop\GITHUB\C-Plus-Plus-Lecture\Program\Program\Program.cpp(18,20): error C2760: 구문 오류: 여기서 ']'은(는) 예상치 못한 오류였습니다. 예상된 오류는 ';'였습니다
C:\Users\rkc32\OneDrive\Desktop\GITHUB\C-Plus-Plus-Lecture\Program\Program\Program.cpp(18,20): error C3878: 구문 오류: 예기치 않은 토큰 ']'이(가) 'expression_statement' 다음에 있습니다.
C:\Users\rkc32\OneDrive\Desktop\GITHUB\C-Plus-Plus-Lecture\Program\Program\Program.cpp(18,20): message : 오류 복구를 건너뛰었습니다. ']'
C:\Users\rkc32\OneDrive\Desktop\GITHUB\C-Plus-Plus-Lecture\Program\Program\Program.cpp(23,11): error C2065: 'x': 선언되지 않은 식별자입니다.
C:\Users\rkc32\OneDrive\Desktop\GITHUB\C-Plus-Plus-Lecture\Program\Program\Program.cpp(23,11): error C3861: 'x': 식별자를 찾을 수 없습니다.
C:\Users\rkc32\OneDrive\Desktop\GITHUB\C-Plus-Plus-Lecture\Program\Program\Program.cpp(23,15): error C3861: 'y': 식별자를 찾을 수 없습니다.
C:\Users\rkc32\OneDrive\Desktop\GITHUB\C-Plus-Plus-Lecture\Program\Program\Program.cpp(36,24): error C3861: 'x': 식별자를 찾을 수 없습니다.
C:\Users\rkc32\OneDrive\Desktop\GITHUB\C-Plus-Plus-Lecture\Program\Program\Program.cpp(61,57): error C3861: 'Compare': 식별자를 찾을 수 없습니다.
C:\Users\rkc32\OneDrive\Desktop\GITHUB\C-Plus-Plus-Lecture\Program\Program\Program.cpp(40,1): error C2912: 명시적 특수화. 'bool List<int>::Compare(const char *,const char *)'이(가) 함수 템플릿의 특수화가 아닙니다.
C:\Users\rkc32\OneDrive\Desktop\GITHUB\C-Plus-Plus-Lecture\Program\Program\Program.cpp(63,19): error C2664: 'List<int>::List(const List<int> &)': 인수 1을(를) 'int'에서 'const List<int> &'(으)로 변환할 수 없습니다.
C:\Users\rkc32\OneDrive\Desktop\GITHUB\C-Plus-Plus-Lecture\Program\Program\Program.cpp(63,19): message : 원인: 'int'에서 'const List<int>'(으)로 변환할 수 없습니다.
C:\Users\rkc32\OneDrive\Desktop\GITHUB\C-Plus-Plus-Lecture\Program\Program\Program.cpp(63,19): message : 소스 형식을 가져올 수 있는 생성자가 없거나 생성자 오버로드 확인이 모호합니다.
C:\Users\rkc32\OneDrive\Desktop\GITHUB\C-Plus-Plus-Lecture\Program\Program\Program.cpp(42,1): message : 'List<int>::List' 선언을 참조하십시오.
C:\Users\rkc32\OneDrive\Desktop\GITHUB\C-Plus-Plus-Lecture\Program\Program\Program.cpp(65,29): error C2660: 'List<int>::Compare': 함수는 2개의 인수를 사용하지 않습니다.
C:\Users\rkc32\OneDrive\Desktop\GITHUB\C-Plus-Plus-Lecture\Program\Program\Program.cpp(21,7): message : 'List<int>::Compare' 선언을 참조하십시오.
